# JRE version: OpenJDK Runtime Environment (11.0.16+8) (build 11.0.16+8-post-Ubuntu-0ubuntu120.04)
# Java VM: OpenJDK 64-Bit Server VM (11.0.16+8-post-Ubuntu-0ubuntu120.04, mixed mode, sharing, tiered, compressed oops, g1 gc, linux-amd64)
Heap:
 garbage-first heap   total 264192K, used 74167K [0x00000000e0000000, 0x0000000100000000)
  region size 1024K, 48 young (49152K), 12 survivors (12288K)
 Metaspace       used 50928K, capacity 52813K, committed 53120K, reserved 301056K
  class space    used 6996K, capacity 7715K, committed 7808K, reserved 253952K
GC Heap History (16 events):
Event: 0.214 GC heap before
{Heap before GC invocations=0 (full 0):
 garbage-first heap   total 264192K, used 17100K [0x00000000e0000000, 0x0000000100000000)
  region size 1024K, 14 young (14336K), 0 survivors (0K)
 Metaspace       used 1105K, capacity 4897K, committed 5120K, reserved 262144K
  class space    used 95K, capacity 482K, committed 512K, reserved 253952K
}
Event: 0.221 GC heap after
{Heap after GC invocations=1 (full 0):
 garbage-first heap   total 264192K, used 4830K [0x00000000e0000000, 0x0000000100000000)
  region size 1024K, 2 young (2048K), 2 survivors (2048K)
 Metaspace       used 1105K, capacity 4897K, committed 5120K, reserved 262144K
  class space    used 95K, capacity 482K, committed 512K, reserved 253952K
}
Event: 2.057 GC heap before
{Heap before GC invocations=1 (full 0):
 garbage-first heap   total 264192K, used 162526K [0x00000000e0000000, 0x0000000100000000)
  region size 1024K, 153 young (156672K), 2 survivors (2048K)
 Metaspace       used 18946K, capacity 19548K, committed 19968K, reserved 272384K
  class space    used 2757K, capacity 2984K, committed 3072K, reserved 253952K
}
Event: 2.100 GC heap after
{Heap after GC invocations=2 (full 0):
 garbage-first heap   total 264192K, used 19063K [0x00000000e0000000, 0x0000000100000000)
  region size 1024K, 13 young (13312K), 13 survivors (13312K)
 Metaspace       used 18946K, capacity 19548K, committed 19968K, reserved 272384K
  class space    used 2757K, capacity 2984K, committed 3072K, reserved 253952K
}
Event: 2.313 GC heap before
{Heap before GC invocations=2 (full 0):
 garbage-first heap   total 264192K, used 37495K [0x00000000e0000000, 0x0000000100000000)
  region size 1024K, 32 young (32768K), 13 survivors (13312K)
 Metaspace       used 20508K, capacity 21062K, committed 21248K, reserved 272384K
  class space    used 3007K, capacity 3234K, committed 3328K, reserved 253952K
}
Event: 2.360 GC heap after
{Heap after GC invocations=3 (full 0):
 garbage-first heap   total 264192K, used 20771K [0x00000000e0000000, 0x0000000100000000)
  region size 1024K, 2 young (2048K), 2 survivors (2048K)
 Metaspace       used 20508K, capacity 21062K, committed 21248K, reserved 272384K
  class space    used 3007K, capacity 3234K, committed 3328K, reserved 253952K
}
Event: 2.953 GC heap before
{Heap before GC invocations=4 (full 0):
 garbage-first heap   total 264192K, used 67875K [0x00000000e0000000, 0x0000000100000000)
  region size 1024K, 48 young (49152K), 2 survivors (2048K)
 Metaspace       used 28227K, capacity 29014K, committed 29440K, reserved 280576K
  class space    used 3959K, capacity 4268K, committed 4352K, reserved 253952K
}
Event: 2.965 GC heap after
{Heap after GC invocations=5 (full 0):
 garbage-first heap   total 264192K, used 23910K [0x00000000e0000000, 0x0000000100000000)
  region size 1024K, 5 young (5120K), 5 survivors (5120K)
 Metaspace       used 28227K, capacity 29014K, committed 29440K, reserved 280576K
  class space    used 3959K, capacity 4268K, committed 4352K, reserved 253952K
}
Event: 3.513 GC heap before
{Heap before GC invocations=5 (full 0):
 garbage-first heap   total 264192K, used 93542K [0x00000000e0000000, 0x0000000100000000)
  region size 1024K, 72 young (73728K), 5 survivors (5120K)
 Metaspace       used 33797K, capacity 34806K, committed 35072K, reserved 284672K
  class space    used 4650K, capacity 5040K, committed 5120K, reserved 253952K
}
Event: 3.523 GC heap after
{Heap after GC invocations=6 (full 0):
 garbage-first heap   total 264192K, used 27418K [0x00000000e0000000, 0x0000000100000000)
  region size 1024K, 8 young (8192K), 8 survivors (8192K)
 Metaspace       used 33797K, capacity 34806K, committed 35072K, reserved 284672K
  class space    used 4650K, capacity 5040K, committed 5120K, reserved 253952K
}
Event: 3.583 GC heap before
{Heap before GC invocations=6 (full 0):
 garbage-first heap   total 264192K, used 32538K [0x00000000e0000000, 0x0000000100000000)
  region size 1024K, 12 young (12288K), 8 survivors (8192K)
 Metaspace       used 34723K, capacity 35714K, committed 35840K, reserved 284672K
  class space    used 4689K, capacity 5087K, committed 5120K, reserved 253952K
}
Event: 3.595 GC heap after
{Heap after GC invocations=7 (full 0):
 garbage-first heap   total 264192K, used 27004K [0x00000000e0000000, 0x0000000100000000)
  region size 1024K, 4 young (4096K), 4 survivors (4096K)
 Metaspace       used 34723K, capacity 35714K, committed 35840K, reserved 284672K
  class space    used 4689K, capacity 5087K, committed 5120K, reserved 253952K
}
Event: 4.718 GC heap before
{Heap before GC invocations=8 (full 0):
 garbage-first heap   total 264192K, used 160124K [0x00000000e0000000, 0x0000000100000000)
  region size 1024K, 135 young (138240K), 4 survivors (4096K)
 Metaspace       used 43570K, capacity 45092K, committed 45312K, reserved 292864K
  class space    used 6044K, capacity 6590K, committed 6656K, reserved 253952K
}
Event: 4.739 GC heap after
{Heap after GC invocations=9 (full 0):
 garbage-first heap   total 264192K, used 33367K [0x00000000e0000000, 0x0000000100000000)
  region size 1024K, 11 young (11264K), 11 survivors (11264K)
 Metaspace       used 43570K, capacity 45092K, committed 45312K, reserved 292864K
  class space    used 6044K, capacity 6590K, committed 6656K, reserved 253952K
}
Event: 10.780 GC heap before
{Heap before GC invocations=9 (full 0):
 garbage-first heap   total 264192K, used 169559K [0x00000000e0000000, 0x0000000100000000)
  region size 1024K, 145 young (148480K), 11 survivors (11264K)
 Metaspace       used 50235K, capacity 52061K, committed 52224K, reserved 299008K
  class space    used 6942K, capacity 7660K, committed 7680K, reserved 253952K
}
Event: 10.843 GC heap after
{Heap after GC invocations=10 (full 0):
 garbage-first heap   total 264192K, used 38327K [0x00000000e0000000, 0x0000000100000000)
  region size 1024K, 12 young (12288K), 12 survivors (12288K)
 Metaspace       used 50235K, capacity 52061K, committed 52224K, reserved 299008K
  class space    used 6942K, capacity 7660K, committed 7680K, reserved 253952K
}

